[2024-05-15 10:50:38] [Path Check] Comenzó
[2024-05-15 10:50:38] [Path Check] Bien!
[2024-05-15 10:50:38] [First Run] Showing Save Data Settings
[2024-05-15 10:50:42] Verificación de URL aprobada para https://raw.githubusercontent.com/andtvban/repositorio.andtvban/master/buildtvban/builds.txt: Código de estado [200]
[2024-05-15 10:50:42] [Current Build Check] Build Not Installed
[2024-05-15 10:50:44] [Verificación Build Actual] [Usuario seleccionado: Ignorar Build Menu] [Siguiente Verificación: 2023-07-17 00:00:00]
[2024-05-15 10:50:44] [Build Update Check] Next Check: 2024-05-15 10:50:44
[2024-05-15 10:50:44] [Auto Install Repo] Started
[2024-05-15 10:50:44] [Auto Install Repo] Repository already installed
[2024-05-15 10:50:44] [Binary Detection] Eligible Binary Addons to Reinstall
[2024-05-15 10:50:44] [Auto Update Wizard] Started
[2024-05-15 10:50:47] Verificación de URL aprobada para https://raw.githubusercontent.com/andtvban/repositorio.andtvban/master/buildtvban/builds.txt: Código de estado [200]
[2024-05-15 10:50:48] Verificación de URL aprobada para https://raw.githubusercontent.com/andtvban/repositorio.andtvban/master/buildtvban/builds.txt: Código de estado [200]
[2024-05-15 10:50:48] Verificación de URL aprobada para https://raw.githubusercontent.com/andtvban/repositorio.andtvban/master/buildtvban/andtv/Notify.txt: Código de estado [200]
[2024-05-15 10:50:48] [Notifications] Showing notification 8
[2024-05-15 10:50:49] [Notificationes] Notificación 8 Recuérdame más Tarde
[2024-05-15 10:50:49] [Build Installed Check] Not Enabled
[2024-05-15 10:50:49] [Trakt Data] Started
[2024-05-15 10:50:49] [Trakt Data] Saving all Data
[2024-05-15 10:50:49] [Debrid Data] Started
[2024-05-15 10:50:49] [Debrid Data] Saving all Data
[2024-05-15 10:50:49] [Login Info] Started
[2024-05-15 10:50:49] [Login Info] Saving all Data
[2024-05-15 10:50:49] [Auto Clean Up] Started
[2024-05-15 10:50:49] [Auto Clean Up] Cache: On
[2024-05-15 10:50:49] [Correcto] Limpiado D:\kodi 21\Kodi\portable_data\userdata\addon_data\script.module.simplecache 
[2024-05-15 10:50:49] [Correcto] Limpiado D:\kodi 21\Kodi\portable_data\userdata\addon_data\plugin.video.alfa\downloads\cached_torrents_Alfa 
[2024-05-15 10:50:49] [Correcto] Limpiado D:\kodi 21\Kodi\portable_data\userdata\addon_data\plugin.video.tacones\__pycache__ 
[2024-05-15 10:50:49] [Auto Clean Up] Old Thumbs: On
[2024-05-15 10:50:49] 0 total de miniaturas limpios.
[2024-05-15 10:50:50] [Auto Clean Up] Packages: On
[2024-05-15 10:51:01] plugin://plugin.program.tvbanwizard/: 
[2024-05-15 10:51:02] Verificación de URL aprobada para https://raw.githubusercontent.com/andtvban/repositorio.andtvban/master/buildtvban/builds.txt: Código de estado [200]
[2024-05-15 10:51:02] Verificación de URL aprobada para https://raw.githubusercontent.com/andtvban/repositorio.andtvban/master/buildtvban/builds.txt: Código de estado [200]
[2024-05-15 10:51:05] La URL no tiene un esquema válido: http://
[2024-05-15 10:51:06] Verificación de URL aprobada para https://raw.githubusercontent.com/andtvban/repositorio.andtvban/master/buildtvban/youtube.txt: Código de estado [200]
[2024-05-15 10:51:33] plugin://plugin.program.tvbanwizard/: [ mode: forceclose ] 
[2024-05-15 10:51:34] Forzar Cierre de Kodi: Plataforma[windows]
